#-----------------------------------------------------------
# Vivado v2017.3 (64-bit)
# SW Build 2018833 on Wed Oct  4 19:58:22 MDT 2017
# IP Build 2016188 on Wed Oct  4 21:52:56 MDT 2017
# Start of session at: Mon Jan 15 16:35:28 2018
# Process ID: 7384
# Current directory: f:/FifoTeam/bat_tools/boot
# Command line: vivado.exe -gui_launcher_event rodinguilauncherevent1268
# Log file: f:/FifoTeam/bat_tools/boot/vivado.log
# Journal file: f:/FifoTeam/bat_tools/boot\vivado.jou
#-----------------------------------------------------------
start_gui
open_project F:/DAHENG/hw_mars/branches/xinghaitao/gige/mars_1230_9gx/fpga_module/mig_ip_7s/src/fifo_core/mig_rd_fifo/managed_ip_project/managed_ip_project.xpr
INFO: [ProjectBase 1-489] The host OS only allows 260 characters in a normal path. The project is stored in a path with more than 80 characters. If you experience issues with IP, Block Designs, or files not being found, please consider moving the project to a location with a shorter path. Alternately consider using the OS subst command to map part of the path to a drive letter.
Current project path is 'F:/DAHENG/hw_mars/branches/xinghaitao/gige/mars_1230_9gx/fpga_module/mig_ip_7s/src/fifo_core/mig_rd_fifo/managed_ip_project'
INFO: [Project 1-313] Project file moved from 'F:/DAHENG/hw_mars/branches/xinghaitao/gige/mars_1230_9gx/fpga_module/mig_ip_7s/src/fifo_core/back_fifo/managed_ip_project' since last save.
Scanning sources...
Finished scanning sources
WARNING: [Project 1-509] GeneratedRun file for 'mig_rd_fifo_w128d32_synth_1' not found
WARNING: [filemgmt 56-2] IPUserFilesDir: Could not find the directory 'F:/DAHENG/hw_mars/branches/xinghaitao/gige/mars_1230_9gx/fpga_module/mig_ip_7s/src/fifo_core/mig_rd_fifo/ip_user_files', nor could it be found using path 'F:/DAHENG/hw_mars/branches/xinghaitao/gige/mars_1230_9gx/fpga_module/mig_ip_7s/src/fifo_core/back_fifo/ip_user_files'.
INFO: [IP_Flow 19-234] Refreshing IP repositories
INFO: [IP_Flow 19-1704] No user IP repositories specified
INFO: [IP_Flow 19-2313] Loaded Vivado IP repository 'D:/tools/Xilinx/Vivado/2017.3/data/ip'.
WARNING: [IP_Flow 19-3664] IP 'mig_rd_fifo_w128d32' generated file not found 'f:/DAHENG/hw_mars/branches/xinghaitao/gige/mars_1230_9gx/fpga_module/mig_ip_7s/src/fifo_core/mig_rd_fifo/mig_rd_fifo_w128d32/mig_rd_fifo_w128d32.vho'. Please regenerate to continue.
WARNING: [IP_Flow 19-3664] IP 'mig_rd_fifo_w128d32' generated file not found 'f:/DAHENG/hw_mars/branches/xinghaitao/gige/mars_1230_9gx/fpga_module/mig_ip_7s/src/fifo_core/mig_rd_fifo/mig_rd_fifo_w128d32/mig_rd_fifo_w128d32.veo'. Please regenerate to continue.
WARNING: [IP_Flow 19-3664] IP 'mig_rd_fifo_w128d32' generated file not found 'f:/DAHENG/hw_mars/branches/xinghaitao/gige/mars_1230_9gx/fpga_module/mig_ip_7s/src/fifo_core/mig_rd_fifo/mig_rd_fifo_w128d32/hdl/blk_mem_gen_v8_4_vhsyn_rfs.vhd'. Please regenerate to continue.
WARNING: [IP_Flow 19-3664] IP 'mig_rd_fifo_w128d32' generated file not found 'f:/DAHENG/hw_mars/branches/xinghaitao/gige/mars_1230_9gx/fpga_module/mig_ip_7s/src/fifo_core/mig_rd_fifo/mig_rd_fifo_w128d32/mig_rd_fifo_w128d32.xdc'. Please regenerate to continue.
WARNING: [IP_Flow 19-3664] IP 'mig_rd_fifo_w128d32' generated file not found 'f:/DAHENG/hw_mars/branches/xinghaitao/gige/mars_1230_9gx/fpga_module/mig_ip_7s/src/fifo_core/mig_rd_fifo/mig_rd_fifo_w128d32/hdl/fifo_generator_v13_2_vhsyn_rfs.vhd'. Please regenerate to continue.
WARNING: [IP_Flow 19-3664] IP 'mig_rd_fifo_w128d32' generated file not found 'f:/DAHENG/hw_mars/branches/xinghaitao/gige/mars_1230_9gx/fpga_module/mig_ip_7s/src/fifo_core/mig_rd_fifo/mig_rd_fifo_w128d32/mig_rd_fifo_w128d32_ooc.xdc'. Please regenerate to continue.
WARNING: [IP_Flow 19-3664] IP 'mig_rd_fifo_w128d32' generated file not found 'f:/DAHENG/hw_mars/branches/xinghaitao/gige/mars_1230_9gx/fpga_module/mig_ip_7s/src/fifo_core/mig_rd_fifo/mig_rd_fifo_w128d32/synth/mig_rd_fifo_w128d32.vhd'. Please regenerate to continue.
WARNING: [IP_Flow 19-3664] IP 'mig_rd_fifo_w128d32' generated file not found 'f:/DAHENG/hw_mars/branches/xinghaitao/gige/mars_1230_9gx/fpga_module/mig_ip_7s/src/fifo_core/mig_rd_fifo/mig_rd_fifo_w128d32/simulation/fifo_generator_vlog_beh.v'. Please regenerate to continue.
WARNING: [IP_Flow 19-3664] IP 'mig_rd_fifo_w128d32' generated file not found 'f:/DAHENG/hw_mars/branches/xinghaitao/gige/mars_1230_9gx/fpga_module/mig_ip_7s/src/fifo_core/mig_rd_fifo/mig_rd_fifo_w128d32/hdl/fifo_generator_v13_2_rfs.vhd'. Please regenerate to continue.
WARNING: [IP_Flow 19-3664] IP 'mig_rd_fifo_w128d32' generated file not found 'f:/DAHENG/hw_mars/branches/xinghaitao/gige/mars_1230_9gx/fpga_module/mig_ip_7s/src/fifo_core/mig_rd_fifo/mig_rd_fifo_w128d32/hdl/fifo_generator_v13_2_rfs.v'. Please regenerate to continue.
WARNING: [IP_Flow 19-3664] IP 'mig_rd_fifo_w128d32' generated file not found 'f:/DAHENG/hw_mars/branches/xinghaitao/gige/mars_1230_9gx/fpga_module/mig_ip_7s/src/fifo_core/mig_rd_fifo/mig_rd_fifo_w128d32/doc/fifo_generator_v13_2_changelog.txt'. Please regenerate to continue.
WARNING: [IP_Flow 19-3664] IP 'mig_rd_fifo_w128d32' generated file not found 'f:/DAHENG/hw_mars/branches/xinghaitao/gige/mars_1230_9gx/fpga_module/mig_ip_7s/src/fifo_core/mig_rd_fifo/mig_rd_fifo_w128d32/mig_rd_fifo_w128d32_stub.v'. Please regenerate to continue.
WARNING: [IP_Flow 19-3664] IP 'mig_rd_fifo_w128d32' generated file not found 'f:/DAHENG/hw_mars/branches/xinghaitao/gige/mars_1230_9gx/fpga_module/mig_ip_7s/src/fifo_core/mig_rd_fifo/mig_rd_fifo_w128d32/mig_rd_fifo_w128d32_stub.vhdl'. Please regenerate to continue.
WARNING: [IP_Flow 19-3664] IP 'mig_rd_fifo_w128d32' generated file not found 'f:/DAHENG/hw_mars/branches/xinghaitao/gige/mars_1230_9gx/fpga_module/mig_ip_7s/src/fifo_core/mig_rd_fifo/mig_rd_fifo_w128d32/mig_rd_fifo_w128d32_sim_netlist.v'. Please regenerate to continue.
WARNING: [IP_Flow 19-3664] IP 'mig_rd_fifo_w128d32' generated file not found 'f:/DAHENG/hw_mars/branches/xinghaitao/gige/mars_1230_9gx/fpga_module/mig_ip_7s/src/fifo_core/mig_rd_fifo/mig_rd_fifo_w128d32/mig_rd_fifo_w128d32_sim_netlist.vhdl'. Please regenerate to continue.
open_project: Time (s): cpu = 00:00:10 ; elapsed = 00:00:07 . Memory (MB): peak = 881.379 ; gain = 95.359
exit
INFO: [Common 17-206] Exiting Vivado at Mon Jan 15 16:55:55 2018...
