#-----------------------------------------------------------
# Vivado v2018.1 (64-bit)
# SW Build 2188600 on Wed Apr  4 18:40:38 MDT 2018
# IP Build 2185939 on Wed Apr  4 20:55:05 MDT 2018
# Start of session at: Sat Aug  4 13:51:58 2018
# Process ID: 6788
# Current directory: F:/FifoTeam/bat_tools/app
# Command line: vivado.exe -gui_launcher_event rodinguilauncherevent1360
# Log file: F:/FifoTeam/bat_tools/app/vivado.log
# Journal file: F:/FifoTeam/bat_tools/app\vivado.jou
#-----------------------------------------------------------
start_gui
create_project managed_ip_project F:/DAHENG/hw_mars/branches/xinghaitao/mars_platform/develop_stage/fpga_module/packet_buffer/managed_ip_project -part xc7a75tfgg484-3 -ip
INFO: [ProjectBase 1-489] The host OS only allows 260 characters in a normal path. The project is stored in a path with more than 80 characters. If you experience issues with IP, Block Designs, or files not being found, please consider moving the project to a location with a shorter path. Alternately consider using the OS subst command to map part of the path to a drive letter.
Current project path is 'F:/DAHENG/hw_mars/branches/xinghaitao/mars_platform/develop_stage/fpga_module/packet_buffer/managed_ip_project'
INFO: [IP_Flow 19-234] Refreshing IP repositories
INFO: [IP_Flow 19-1704] No user IP repositories specified
INFO: [IP_Flow 19-2313] Loaded Vivado IP repository 'D:/tools/Xilinx/Vivado/2018.1/data/ip'.
create_project: Time (s): cpu = 00:00:16 ; elapsed = 00:00:36 . Memory (MB): peak = 801.395 ; gain = 107.313
set_property target_simulator ModelSim [current_project]
create_ip -name fifo_generator -vendor xilinx.com -library ip -version 13.2 -module_name packet_buffer_64k_64to64 -dir f:/DAHENG/hw_mars/branches/xinghaitao/mars_platform/develop_stage/fpga_module/packet_buffer
set_property -dict [list CONFIG.Component_Name {packet_buffer_64k_64to64} CONFIG.Fifo_Implementation {Independent_Clocks_Block_RAM} CONFIG.Performance_Options {First_Word_Fall_Through} CONFIG.Input_Data_Width {72} CONFIG.Input_Depth {8192} CONFIG.Output_Data_Width {72} CONFIG.Output_Depth {8192} CONFIG.Reset_Type {Asynchronous_Reset} CONFIG.Full_Flags_Reset_Value {1} CONFIG.Data_Count_Width {13} CONFIG.Write_Data_Count_Width {13} CONFIG.Read_Data_Count_Width {13} CONFIG.Full_Threshold_Assert_Value {8191} CONFIG.Full_Threshold_Negate_Value {8190} CONFIG.Empty_Threshold_Assert_Value {4} CONFIG.Empty_Threshold_Negate_Value {5} CONFIG.Enable_Safety_Circuit {true}] [get_ips packet_buffer_64k_64to64]
WARNING: [Vivado 12-3523] Attempt to change 'Component_Name' from 'packet_buffer_64k_64to64' to 'packet_buffer_64k_64to64' is not allowed and is ignored.
generate_target {instantiation_template} [get_files f:/DAHENG/hw_mars/branches/xinghaitao/mars_platform/develop_stage/fpga_module/packet_buffer/packet_buffer_64k_64to64/packet_buffer_64k_64to64.xci]
INFO: [IP_Flow 19-1686] Generating 'Instantiation Template' target for IP 'packet_buffer_64k_64to64'...
generate_target all [get_files  f:/DAHENG/hw_mars/branches/xinghaitao/mars_platform/develop_stage/fpga_module/packet_buffer/packet_buffer_64k_64to64/packet_buffer_64k_64to64.xci]
INFO: [IP_Flow 19-1686] Generating 'Synthesis' target for IP 'packet_buffer_64k_64to64'...
INFO: [IP_Flow 19-1686] Generating 'Simulation' target for IP 'packet_buffer_64k_64to64'...
INFO: [IP_Flow 19-1686] Generating 'Change Log' target for IP 'packet_buffer_64k_64to64'...
catch { config_ip_cache -export [get_ips -all packet_buffer_64k_64to64] }
export_ip_user_files -of_objects [get_files f:/DAHENG/hw_mars/branches/xinghaitao/mars_platform/develop_stage/fpga_module/packet_buffer/packet_buffer_64k_64to64/packet_buffer_64k_64to64.xci] -no_script -sync -force -quiet
create_ip_run [get_files -of_objects [get_fileset sources_1] f:/DAHENG/hw_mars/branches/xinghaitao/mars_platform/develop_stage/fpga_module/packet_buffer/packet_buffer_64k_64to64/packet_buffer_64k_64to64.xci]
launch_runs -jobs 8 packet_buffer_64k_64to64_synth_1
[Sat Aug  4 14:03:11 2018] Launched packet_buffer_64k_64to64_synth_1...
Run output will be captured here: F:/DAHENG/hw_mars/branches/xinghaitao/mars_platform/develop_stage/fpga_module/packet_buffer/managed_ip_project/managed_ip_project.runs/packet_buffer_64k_64to64_synth_1/runme.log
export_simulation -of_objects [get_files f:/DAHENG/hw_mars/branches/xinghaitao/mars_platform/develop_stage/fpga_module/packet_buffer/packet_buffer_64k_64to64/packet_buffer_64k_64to64.xci] -directory F:/DAHENG/hw_mars/branches/xinghaitao/mars_platform/develop_stage/fpga_module/packet_buffer/ip_user_files/sim_scripts -ip_user_files_dir F:/DAHENG/hw_mars/branches/xinghaitao/mars_platform/develop_stage/fpga_module/packet_buffer/ip_user_files -ipstatic_source_dir F:/DAHENG/hw_mars/branches/xinghaitao/mars_platform/develop_stage/fpga_module/packet_buffer/ip_user_files/ipstatic -lib_map_path [list {modelsim=F:/DAHENG/hw_mars/branches/xinghaitao/mars_platform/develop_stage/fpga_module/packet_buffer/managed_ip_project/managed_ip_project.cache/compile_simlib/modelsim} {questa=F:/DAHENG/hw_mars/branches/xinghaitao/mars_platform/develop_stage/fpga_module/packet_buffer/managed_ip_project/managed_ip_project.cache/compile_simlib/questa} {riviera=F:/DAHENG/hw_mars/branches/xinghaitao/mars_platform/develop_stage/fpga_module/packet_buffer/managed_ip_project/managed_ip_project.cache/compile_simlib/riviera} {activehdl=F:/DAHENG/hw_mars/branches/xinghaitao/mars_platform/develop_stage/fpga_module/packet_buffer/managed_ip_project/managed_ip_project.cache/compile_simlib/activehdl}] -use_ip_compiled_libs -force -quiet
reset_run packet_buffer_64k_64to64_synth_1
launch_runs packet_buffer_64k_64to64_synth_1 -jobs 8
[Sat Aug  4 14:05:07 2018] Launched packet_buffer_64k_64to64_synth_1...
Run output will be captured here: F:/DAHENG/hw_mars/branches/xinghaitao/mars_platform/develop_stage/fpga_module/packet_buffer/managed_ip_project/managed_ip_project.runs/packet_buffer_64k_64to64_synth_1/runme.log
set_property -dict [list CONFIG.Write_Data_Count {false} CONFIG.Read_Data_Count {true} CONFIG.Enable_Safety_Circuit {false}] [get_ips packet_buffer_64k_64to64]
generate_target all [get_files  f:/DAHENG/hw_mars/branches/xinghaitao/mars_platform/develop_stage/fpga_module/packet_buffer/packet_buffer_64k_64to64/packet_buffer_64k_64to64.xci]
INFO: [IP_Flow 19-1686] Generating 'Instantiation Template' target for IP 'packet_buffer_64k_64to64'...
INFO: [IP_Flow 19-1686] Generating 'Synthesis' target for IP 'packet_buffer_64k_64to64'...
INFO: [IP_Flow 19-1686] Generating 'Simulation' target for IP 'packet_buffer_64k_64to64'...
INFO: [IP_Flow 19-1686] Generating 'Change Log' target for IP 'packet_buffer_64k_64to64'...
catch { config_ip_cache -export [get_ips -all packet_buffer_64k_64to64] }
export_ip_user_files -of_objects [get_files f:/DAHENG/hw_mars/branches/xinghaitao/mars_platform/develop_stage/fpga_module/packet_buffer/packet_buffer_64k_64to64/packet_buffer_64k_64to64.xci] -no_script -sync -force -quiet
reset_run packet_buffer_64k_64to64_synth_1
WARNING: [Vivado 12-1017] Problems encountered:
1. Failed to delete one or more files in run directory F:/DAHENG/hw_mars/branches/xinghaitao/mars_platform/develop_stage/fpga_module/packet_buffer/managed_ip_project/managed_ip_project.runs/packet_buffer_64k_64to64_synth_1

launch_runs -jobs 8 packet_buffer_64k_64to64_synth_1
[Sat Aug  4 14:08:32 2018] Launched packet_buffer_64k_64to64_synth_1...
Run output will be captured here: F:/DAHENG/hw_mars/branches/xinghaitao/mars_platform/develop_stage/fpga_module/packet_buffer/managed_ip_project/managed_ip_project.runs/packet_buffer_64k_64to64_synth_1/runme.log
export_simulation -of_objects [get_files f:/DAHENG/hw_mars/branches/xinghaitao/mars_platform/develop_stage/fpga_module/packet_buffer/packet_buffer_64k_64to64/packet_buffer_64k_64to64.xci] -directory F:/DAHENG/hw_mars/branches/xinghaitao/mars_platform/develop_stage/fpga_module/packet_buffer/ip_user_files/sim_scripts -ip_user_files_dir F:/DAHENG/hw_mars/branches/xinghaitao/mars_platform/develop_stage/fpga_module/packet_buffer/ip_user_files -ipstatic_source_dir F:/DAHENG/hw_mars/branches/xinghaitao/mars_platform/develop_stage/fpga_module/packet_buffer/ip_user_files/ipstatic -lib_map_path [list {modelsim=F:/DAHENG/hw_mars/branches/xinghaitao/mars_platform/develop_stage/fpga_module/packet_buffer/managed_ip_project/managed_ip_project.cache/compile_simlib/modelsim} {questa=F:/DAHENG/hw_mars/branches/xinghaitao/mars_platform/develop_stage/fpga_module/packet_buffer/managed_ip_project/managed_ip_project.cache/compile_simlib/questa} {riviera=F:/DAHENG/hw_mars/branches/xinghaitao/mars_platform/develop_stage/fpga_module/packet_buffer/managed_ip_project/managed_ip_project.cache/compile_simlib/riviera} {activehdl=F:/DAHENG/hw_mars/branches/xinghaitao/mars_platform/develop_stage/fpga_module/packet_buffer/managed_ip_project/managed_ip_project.cache/compile_simlib/activehdl}] -use_ip_compiled_libs -force -quiet
exit
INFO: [Common 17-206] Exiting Vivado at Sat Aug  4 15:51:45 2018...
