#-----------------------------------------------------------
# Vivado v2018.1 (64-bit)
# SW Build 2188600 on Wed Apr  4 18:40:38 MDT 2018
# IP Build 2185939 on Wed Apr  4 20:55:05 MDT 2018
# Start of session at: Fri Jun  8 17:35:07 2018
# Process ID: 5992
# Current directory: F:/FifoTeam/bat_tools/app
# Command line: vivado.exe -gui_launcher_event rodinguilauncherevent4628
# Log file: F:/FifoTeam/bat_tools/app/vivado.log
# Journal file: F:/FifoTeam/bat_tools/app\vivado.jou
#-----------------------------------------------------------
start_gui
create_project managed_ip_project F:/DAHENG/hw_mars/branches/xinghaitao/gige/mars_1230_9gx/fpga_module/mac/managed_ip_project -part xc7s50fgga484-2 -ip
INFO: [ProjectBase 1-489] The host OS only allows 260 characters in a normal path. The project is stored in a path with more than 80 characters. If you experience issues with IP, Block Designs, or files not being found, please consider moving the project to a location with a shorter path. Alternately consider using the OS subst command to map part of the path to a drive letter.
Current project path is 'F:/DAHENG/hw_mars/branches/xinghaitao/gige/mars_1230_9gx/fpga_module/mac/managed_ip_project'
INFO: [IP_Flow 19-234] Refreshing IP repositories
INFO: [IP_Flow 19-1704] No user IP repositories specified
INFO: [IP_Flow 19-2313] Loaded Vivado IP repository 'D:/tools/Xilinx/Vivado/2018.1/data/ip'.
create_project: Time (s): cpu = 00:00:17 ; elapsed = 00:00:29 . Memory (MB): peak = 849.449 ; gain = 121.418
set_property target_simulator ModelSim [current_project]
create_ip -name tri_mode_ethernet_mac -vendor xilinx.com -library ip -version 9.0 -module_name tri_mode_ethernet_mac_0 -dir f:/DAHENG/hw_mars/branches/xinghaitao/gige/mars_1230_9gx/fpga_module/mac
set_property -dict [list CONFIG.Physical_Interface {RGMII} CONFIG.Enable_MDIO {true} CONFIG.Make_MDIO_External {true} CONFIG.SupportLevel {1}] [get_ips tri_mode_ethernet_mac_0]
generate_target {instantiation_template} [get_files f:/DAHENG/hw_mars/branches/xinghaitao/gige/mars_1230_9gx/fpga_module/mac/tri_mode_ethernet_mac_0/tri_mode_ethernet_mac_0.xci]
INFO: [IP_Flow 19-1686] Generating 'Instantiation Template' target for IP 'tri_mode_ethernet_mac_0'...
create_ip -name tri_mode_ethernet_mac -vendor xilinx.com -library ip -version 9.0 -module_name tri_mode_ethernet_mac_1 -dir f:/DAHENG/hw_mars/branches/xinghaitao/gige/mars_1230_9gx/fpga_module/mac
set_property -dict [list CONFIG.Frame_Filter {false} CONFIG.Number_of_Table_Entries {0}] [get_ips tri_mode_ethernet_mac_1]
generate_target {instantiation_template} [get_files f:/DAHENG/hw_mars/branches/xinghaitao/gige/mars_1230_9gx/fpga_module/mac/tri_mode_ethernet_mac_1/tri_mode_ethernet_mac_1.xci]
INFO: [IP_Flow 19-1686] Generating 'Instantiation Template' target for IP 'tri_mode_ethernet_mac_1'...
generate_target all [get_files  f:/DAHENG/hw_mars/branches/xinghaitao/gige/mars_1230_9gx/fpga_module/mac/tri_mode_ethernet_mac_1/tri_mode_ethernet_mac_1.xci]
INFO: [IP_Flow 19-1686] Generating 'Synthesis' target for IP 'tri_mode_ethernet_mac_1'...
WARNING: [IP_Flow 19-650] IP license key 'eth_avb_endpoint@2015.04' is enabled with a Design_Linking license.
WARNING: [IP_Flow 19-650] IP license key 'eth_avb_endpoint@2015.04' is enabled with a Design_Linking license.
INFO: [IP_Flow 19-1686] Generating 'Simulation' target for IP 'tri_mode_ethernet_mac_1'...
WARNING: [IP_Flow 19-650] IP license key 'eth_avb_endpoint@2015.04' is enabled with a Design_Linking license.
WARNING: [IP_Flow 19-650] IP license key 'eth_avb_endpoint@2015.04' is enabled with a Design_Linking license.
INFO: [IP_Flow 19-1686] Generating 'Implementation' target for IP 'tri_mode_ethernet_mac_1'...
INFO: [IP_Flow 19-1686] Generating 'Change Log' target for IP 'tri_mode_ethernet_mac_1'...
generate_target: Time (s): cpu = 00:00:07 ; elapsed = 00:00:09 . Memory (MB): peak = 897.824 ; gain = 0.000
catch { config_ip_cache -export [get_ips -all tri_mode_ethernet_mac_1] }
export_ip_user_files -of_objects [get_files f:/DAHENG/hw_mars/branches/xinghaitao/gige/mars_1230_9gx/fpga_module/mac/tri_mode_ethernet_mac_1/tri_mode_ethernet_mac_1.xci] -no_script -sync -force -quiet
create_ip_run [get_files -of_objects [get_fileset sources_1] f:/DAHENG/hw_mars/branches/xinghaitao/gige/mars_1230_9gx/fpga_module/mac/tri_mode_ethernet_mac_1/tri_mode_ethernet_mac_1.xci]
launch_runs -jobs 8 tri_mode_ethernet_mac_1_synth_1
[Fri Jun  8 17:42:00 2018] Launched tri_mode_ethernet_mac_1_synth_1...
Run output will be captured here: F:/DAHENG/hw_mars/branches/xinghaitao/gige/mars_1230_9gx/fpga_module/mac/managed_ip_project/managed_ip_project.runs/tri_mode_ethernet_mac_1_synth_1/runme.log
export_simulation -of_objects [get_files f:/DAHENG/hw_mars/branches/xinghaitao/gige/mars_1230_9gx/fpga_module/mac/tri_mode_ethernet_mac_1/tri_mode_ethernet_mac_1.xci] -directory F:/DAHENG/hw_mars/branches/xinghaitao/gige/mars_1230_9gx/fpga_module/mac/ip_user_files/sim_scripts -ip_user_files_dir F:/DAHENG/hw_mars/branches/xinghaitao/gige/mars_1230_9gx/fpga_module/mac/ip_user_files -ipstatic_source_dir F:/DAHENG/hw_mars/branches/xinghaitao/gige/mars_1230_9gx/fpga_module/mac/ip_user_files/ipstatic -lib_map_path [list {modelsim=F:/DAHENG/hw_mars/branches/xinghaitao/gige/mars_1230_9gx/fpga_module/mac/managed_ip_project/managed_ip_project.cache/compile_simlib/modelsim} {questa=F:/DAHENG/hw_mars/branches/xinghaitao/gige/mars_1230_9gx/fpga_module/mac/managed_ip_project/managed_ip_project.cache/compile_simlib/questa} {riviera=F:/DAHENG/hw_mars/branches/xinghaitao/gige/mars_1230_9gx/fpga_module/mac/managed_ip_project/managed_ip_project.cache/compile_simlib/riviera} {activehdl=F:/DAHENG/hw_mars/branches/xinghaitao/gige/mars_1230_9gx/fpga_module/mac/managed_ip_project/managed_ip_project.cache/compile_simlib/activehdl}] -use_ip_compiled_libs -force -quiet
export_ip_user_files -of_objects  [get_files f:/DAHENG/hw_mars/branches/xinghaitao/gige/mars_1230_9gx/fpga_module/mac/tri_mode_ethernet_mac_0/tri_mode_ethernet_mac_0.xci] -no_script -reset -force -quiet
remove_files  f:/DAHENG/hw_mars/branches/xinghaitao/gige/mars_1230_9gx/fpga_module/mac/tri_mode_ethernet_mac_0/tri_mode_ethernet_mac_0.xci
open_example_project -force -dir F:/DAHENG/hw_mars/branches/xinghaitao/gige/mars_1230_9gx/fpga_module/mac [get_ips  tri_mode_ethernet_mac_1]
INFO: [IP_Flow 19-1686] Generating 'Examples' target for IP 'tri_mode_ethernet_mac_1'...
open_example_project: Time (s): cpu = 00:00:04 ; elapsed = 00:00:52 . Memory (MB): peak = 933.750 ; gain = 0.000
exit
INFO: [Common 17-206] Exiting Vivado at Fri Jun  8 18:10:09 2018...
