#-----------------------------------------------------------
# Vivado v2018.1 (64-bit)
# SW Build 2188600 on Wed Apr  4 18:40:38 MDT 2018
# IP Build 2185939 on Wed Apr  4 20:55:05 MDT 2018
# Start of session at: Tue Jul 31 10:25:42 2018
# Process ID: 8208
# Current directory: F:/FifoTeam/bat_tools/app
# Command line: vivado.exe -gui_launcher_event rodinguilauncherevent7040
# Log file: F:/FifoTeam/bat_tools/app/vivado.log
# Journal file: F:/FifoTeam/bat_tools/app\vivado.jou
#-----------------------------------------------------------
start_gui
open_project F:/DAHENG/hw_mars/branches/xinghaitao/mars_platform/develop_stage/fpga_module/fifo/managed_ip_project/managed_ip_project.xpr
INFO: [ProjectBase 1-489] The host OS only allows 260 characters in a normal path. The project is stored in a path with more than 80 characters. If you experience issues with IP, Block Designs, or files not being found, please consider moving the project to a location with a shorter path. Alternately consider using the OS subst command to map part of the path to a drive letter.
Current project path is 'F:/DAHENG/hw_mars/branches/xinghaitao/mars_platform/develop_stage/fpga_module/fifo/managed_ip_project'
INFO: [Project 1-313] Project file moved from 'F:/DAHENG/hw_mars/branches/xinghaitao/mars_platform/develop_stage/coding/fpga_module/fifo/managed_ip_project' since last save.
Scanning sources...
Finished scanning sources
INFO: [IP_Flow 19-234] Refreshing IP repositories
INFO: [IP_Flow 19-1704] No user IP repositories specified
INFO: [IP_Flow 19-2313] Loaded Vivado IP repository 'D:/tools/Xilinx/Vivado/2018.1/data/ip'.
open_project: Time (s): cpu = 00:00:16 ; elapsed = 00:00:31 . Memory (MB): peak = 861.344 ; gain = 136.633
INFO: [Device 21-403] Loading part xc7s50fgga484-2
WARNING: [IP_Flow 19-4067] Ignoring invalid widget type specified checkbox.Providing a default widget
WARNING: [IP_Flow 19-4067] Ignoring invalid widget type specified checkbox.Providing a default widget
close_project
open_project F:/DAHENG/hw_mars/branches/xinghaitao/mars_platform/develop_stage/fpga_module/10gmac/managed_ip_project/managed_ip_project.xpr
INFO: [ProjectBase 1-489] The host OS only allows 260 characters in a normal path. The project is stored in a path with more than 80 characters. If you experience issues with IP, Block Designs, or files not being found, please consider moving the project to a location with a shorter path. Alternately consider using the OS subst command to map part of the path to a drive letter.
Current project path is 'F:/DAHENG/hw_mars/branches/xinghaitao/mars_platform/develop_stage/fpga_module/10gmac/managed_ip_project'
INFO: [Project 1-313] Project file moved from 'F:/DAHENG/hw_mars/branches/xinghaitao/mars_platform/develop_stage/coding/fpga_module/10gmac/managed_ip_project' since last save.
Scanning sources...
Finished scanning sources
INFO: [IP_Flow 19-234] Refreshing IP repositories
INFO: [IP_Flow 19-1704] No user IP repositories specified
INFO: [IP_Flow 19-2313] Loaded Vivado IP repository 'D:/tools/Xilinx/Vivado/2018.1/data/ip'.
open_project: Time (s): cpu = 00:00:18 ; elapsed = 00:00:17 . Memory (MB): peak = 1093.250 ; gain = 25.527
exit
INFO: [Common 17-206] Exiting Vivado at Tue Jul 31 18:02:53 2018...
