error reading package index file D:/Tools/Synopsys/fpga_J-2015.03/lib/pkgIndex.tcl: invalid command name "obffn"
error reading package index file D:/Tools/Synopsys/fpga_J-2015.03/lib/pkgIndex.tcl: invalid command name "obffn"
error reading package index file D:/Tools/Synopsys/fpga_J-2015.03/lib/pkgIndex.tcl: invalid command name "obffn"
error reading package index file D:/Tools/Synopsys/fpga_J-2015.03/lib/pkgIndex.tcl: invalid command name "obffn"
Invalid value for -save: :%PROD=all_protocert?if_changed:off
Invalid value for -save: :%PROD=all_protocert?always:if_changed
Invalid value for -save: :%PROD=all_protocert?always:if_changed
Invalid value for -save: :%PROD=all_protocert?always:if_changed
Invalid value for -save: :%PROD=all_protocert?always:if_changed
Invalid value for -save: :%PROD=all_protocert?always:off
Invalid value for -save: :%PROD=all_protocert?always:off
Invalid value for -save: :%PROD=all_protocert?always:if_changed
Invalid value for -save: :%PROD=all_protocert?always:if_changed
Invalid value for -save: :%PROD=all_protocert?always
Invalid value for -save: :%PROD=all_protocert?always
Invalid value for -save: :%PROD=all_protocert?always
job not found while reading designflow: compile_dm
job not found while reading designflow: generate_timing_budgets
job not found while reading designflow: generate_instance_constraints
job not found while reading designflow: multi_srs_gen
job not found while reading designflow: od_constraint_applier
job not found while reading designflow: global_prep
job not found while reading designflow: partition_premap
job not found while reading designflow: partition_premap
job not found while reading designflow: partition_premap
job not found while reading designflow: multi_srs_gen
job not found while reading designflow: od_constraint_applier
job not found while reading designflow: global_prep
job not found while reading designflow: partition_premap
job not found while reading designflow: compile_dm

Starting:    D:\Tools\Synopsys\fpga_J-2015.03\bin\mbin\synplify.exe
Install:     D:\Tools\Synopsys\fpga_J-2015.03
Date:        Thu Sep 06 13:46:56 2018
Version:     J-2015.03


ProductType: synplify_pro

License checkout: synplifypro
License: synplifypro from server xht-PC 
Licensed Vendor: All FPGA



job not found while reading designflow: compile_dm
job not found while reading designflow: generate_timing_budgets
job not found while reading designflow: generate_instance_constraints
job not found while reading designflow: multi_srs_gen
job not found while reading designflow: od_constraint_applier
job not found while reading designflow: global_prep
job not found while reading designflow: partition_premap
exit status=0

License checkin: synplifypro
